{
  "RSpec": {
    "coverage": {
      "/home/medstreaming/ruby_framwork/rspec_practice/spec/helpers/colorizing_helper.rb": [
        1,
        1,
        null,
        1,
        null,
        1,
        null,
        1,
        0,
        0,
        0,
        0,
        0,
        null,
        null,
        1,
        0,
        null,
        null,
        1,
        0,
        null,
        null,
        1,
        0,
        0,
        null,
        null,
        1,
        0,
        0,
        null,
        null
      ],
      "/home/medstreaming/ruby_framwork/rspec_practice/spec/helpers/csv_helper.rb": [
        1,
        null,
        null,
        1,
        null,
        null,
        1,
        0,
        0,
        0,
        null,
        null
      ],
      "/home/medstreaming/ruby_framwork/rspec_practice/spec/unit/api/JSONPlaceholder.rb": [
        1,
        1,
        null,
        1,
        null,
        1,
        0,
        0,
        0,
        0,
        null,
        null,
        null,
        1,
        0,
        0,
        0,
        0,
        null,
        null,
        null,
        1,
        0,
        0,
        0,
        0,
        null,
        null,
        null,
        1,
        0,
        0,
        0,
        0,
        null,
        null,
        null,
        null
      ],
      "/home/medstreaming/ruby_framwork/rspec_practice/spec/unit/api_payloads/photos_payload.rb": [
        1,
        1,
        null,
        1,
        0,
        null,
        null,
        1,
        null,
        0,
        null,
        null,
        null,
        null,
        null,
        null,
        null
      ],
      "/home/medstreaming/ruby_framwork/rspec_practice/spec/unit/api_payloads/post_payload.rb": [
        1,
        1,
        null,
        1,
        0,
        null,
        null,
        1,
        null,
        0,
        null,
        null,
        null,
        null,
        null,
        null
      ],
      "/home/medstreaming/ruby_framwork/rspec_practice/spec/unit/string_analyzer/string_analyzer.rb": [
        1,
        null,
        1,
        null,
        1,
        0,
        null,
        null
      ],
      "/home/medstreaming/ruby_framwork/rspec_practice/spec/04_Matcher/05_error_matcher_spec.rb": [
        1,
        1,
        null,
        1,
        null,
        1,
        1,
        null,
        null,
        1,
        0,
        0,
        0,
        null,
        null,
        1,
        2,
        2,
        2,
        null,
        null,
        null
      ]
    },
    "timestamp": 1522578765
  }
}
